app/build/outputs/mapping/release/seeds.txt
com.eclipseapp.pulse.PlaybackManager$5
com.eclipseapp.pulse.NativePlayerActivity$3
com.eclipseapp.pulse.R$string
com.eclipseapp.pulse.NativePlayerActivity$4
com.eclipseapp.pulse.R$id
com.eclipseapp.pulse.MainActivity$SongAdapter
com.eclipseapp.pulse.MainActivity$PlaylistAdapter$VH
com.eclipseapp.pulse.PlayerQueueStore
com.eclipseapp.pulse.InnertubeMusicRepository$Callback
com.eclipseapp.pulse.MusicApiClient$LyricsCallback
com.eclipseapp.pulse.PlaybackService$1
com.eclipseapp.pulse.R$drawable
com.eclipseapp.pulse.MainActivity$CardAdapter
com.eclipseapp.pulse.MusicRecognizer$ProgressCallback
com.eclipseapp.pulse.MusicApiClient
com.eclipseapp.pulse.MusicApiClient$SearchSuggestionsCallback
com.eclipseapp.pulse.LocalStorageManager
com.eclipseapp.pulse.InnertubeMusicRepository
com.eclipseapp.pulse.MusicRecognizer
com.eclipseapp.pulse.MusicWidget
com.eclipseapp.pulse.R$color
com.eclipseapp.pulse.R$menu
com.eclipseapp.pulse.DiscordLoginActivity
com.eclipseapp.pulse.MainActivity
com.eclipseapp.pulse.MainActivity$CardAdapter$VH
com.eclipseapp.pulse.MainActivity$4
com.eclipseapp.pulse.PlaybackManager$Listener
com.eclipseapp.pulse.NativePlayerActivity
com.eclipseapp.pulse.YouTubeAudioResolver$NewPipeDownloader
com.eclipseapp.pulse.PlaybackManager$4
com.eclipseapp.pulse.EqualizerManager
com.eclipseapp.pulse.PlaybackService
com.eclipseapp.pulse.YouTubeAudioResolver$Resolution
com.eclipseapp.pulse.MainActivity$1
com.eclipseapp.pulse.PlaybackManager$3
com.eclipseapp.pulse.MainActivity$PlaylistAdapter
com.eclipseapp.pulse.YouTubeSourceActivity
com.eclipseapp.pulse.SyncedLyricsParser$Line
com.eclipseapp.pulse.R$style
com.eclipseapp.pulse.R
com.eclipseapp.pulse.DiscordRPC$2
com.eclipseapp.pulse.MainActivity$2
com.eclipseapp.pulse.InnertubeMusicRepository$TrackCallback
com.eclipseapp.pulse.R$layout
com.eclipseapp.pulse.SyncedLyricsParser
com.eclipseapp.pulse.PlaybackManager$2
com.eclipseapp.pulse.R$xml
com.eclipseapp.pulse.PlaybackService$2
com.eclipseapp.pulse.R$font
com.eclipseapp.pulse.MainActivity$SongAdapter$VH
com.eclipseapp.pulse.NativePlayerActivity$2
com.eclipseapp.pulse.DiscordLoginActivity$1
com.eclipseapp.pulse.YouTubeAudioResolver
com.eclipseapp.pulse.DiscordRPC$1
com.eclipseapp.pulse.PlaybackManager$1
com.eclipseapp.pulse.YouTubeAudioResolver$Callback
com.eclipseapp.pulse.DiscordRPC
com.eclipseapp.pulse.MusicRecognizer$RecognizeCallback
com.eclipseapp.pulse.PlaybackManager
com.eclipseapp.pulse.MainActivity$3
com.eclipseapp.pulse.ListActivity$3
com.eclipseapp.pulse.LastFmScrobbler
com.eclipseapp.pulse.MainActivity$Track
com.eclipseapp.pulse.ListActivity$2
com.eclipseapp.pulse.NativePlayerActivity$1
com.eclipseapp.pulse.ListActivity
com.eclipseapp.pulse.ListActivity$1
com.eclipseapp.pulse.MainActivity: int ST_W
com.eclipseapp.pulse.PlaybackService: java.lang.String CHANNEL_ID
com.eclipseapp.pulse.LastFmScrobbler: java.lang.String sessionKey
com.eclipseapp.pulse.R$id: int liked_count
com.eclipseapp.pulse.MainActivity$3: int[] val$selCf
com.eclipseapp.pulse.R$drawable: int ic_music_note
com.eclipseapp.pulse.MainActivity$2: com.eclipseapp.pulse.MainActivity this$0
com.eclipseapp.pulse.R$id: int song_title
com.eclipseapp.pulse.MusicWidget: java.lang.String ACTION_PREV
com.eclipseapp.pulse.R$id: int bottom_nav
com.eclipseapp.pulse.PlaybackManager: java.util.Set listeners
com.eclipseapp.pulse.NativePlayerActivity: boolean qDragging
com.eclipseapp.pulse.NativePlayerActivity: android.widget.SeekBar seek
com.eclipseapp.pulse.R$drawable: int ic_history
com.eclipseapp.pulse.InnertubeMusicRepository: android.os.Handler mainHandler
com.eclipseapp.pulse.MainActivity$PlaylistAdapter: java.util.List playlists
com.eclipseapp.pulse.NativePlayerActivity: android.widget.LinearLayout queueCont
com.eclipseapp.pulse.YouTubeSourceActivity: android.widget.LinearLayout results
com.eclipseapp.pulse.PlaybackService: java.lang.String ACTION_STOP
com.eclipseapp.pulse.NativePlayerActivity: android.widget.LinearLayout lyricsCont
...
androidx.vectordrawable.graphics.drawable.VectorDrawableCompat$VFullPath: int getStrokeColor()
org.schabi.newpipe.extractor.services.youtube.extractors.ItagInfo: boolean getIsUrl()
androidx.profileinstaller.ProfileInstallerInitializer$Choreographer16Impl: void postFrameCallback(java.lang.Runnable)
androidx.core.view.WindowInsetsCompat$BuilderImpl20: WindowInsetsCompat$BuilderImpl20(androidx.core.view.WindowInsetsCompat)
org.schabi.newpipe.extractor.services.bandcamp.extractors.BandcampSearchExtractor: org.schabi.newpipe.extractor.ListExtractor$InfoItemsPage getPage(org.schabi.newpipe.extractor.Page)
android.support.v4.app.RemoteActionCompatParcelizer: androidx.core.app.RemoteActionCompat read(androidx.versionedparcelable.VersionedParcel)
org.schabi.newpipe.extractor.playlist.PlaylistInfo$PlaylistType: org.schabi.newpipe.extractor.playlist.PlaylistInfo$PlaylistType valueOf(java.lang.String)
androidx.appcompat.widget.LinearLayoutCompat: int getShowDividers()
org.schabi.newpipe.extractor.utils.jsextractor.Lexer$LookBehind: boolean threeIs(org.schabi.newpipe.extractor.utils.jsextractor.Token)
org.schabi.newpipe.extractor.services.youtube.extractors.YoutubeChannelExtractor: void onFetchPage(org.schabi.newpipe.extractor.downloader.Downloader)
androidx.appcompat.widget.AppCompatButton: void setAutoSizeTextTypeWithDefaults(int)
org.schabi.newpipe.extractor.services.media_ccc.linkHandler.MediaCCCConferencesListLinkHandlerFactory: MediaCCCConferencesListLinkHandlerFactory()
com.bumptech.glide.load.PreferredColorSpace: com.bumptech.glide.load.PreferredColorSpace[] values()
org.schabi.newpipe.extractor.services.peertube.linkHandler.PeertubeChannelTabLinkHandlerFactory: java.lang.String getUrl(java.lang.String,java.util.List,java.lang.String,java.lang.String)
com.google.android.material.chip.Chip: void setTextAppearanceResource(int)
org.schabi.newpipe.extractor.stream.StreamInfo: org.schabi.newpipe.extractor.stream.StreamInfo getInfo(java.lang.String)
org.schabi.newpipe.extractor.stream.AudioStream$Builder: org.schabi.newpipe.extractor.stream.AudioStream$Builder setDeliveryMethod(org.schabi.newpipe.extractor.stream.DeliveryMethod)
com.google.android.material.navigation.NavigationBarView: android.view.MenuInflater getMenuInflater()
com.google.android.material.textfield.TextInputLayout: void setPasswordVisibilityToggleTintMode(android.graphics.PorterDuff$Mode)
org.schabi.newpipe.extractor.services.youtube.YoutubeParsingHelper: java.lang.String getFeedUrlFrom(java.lang.String)
org.schabi.newpipe.extractor.stream.StreamInfo: long getStartPosition()
androidx.core.view.ViewCompat$Api21Impl: java.lang.String getTransitionName(android.view.View)
com.google.protobuf.CodedInputStream$VarintExperiment: com.google.protobuf.CodedInputStream$VarintExperiment[] values()
org.schabi.newpipe.extractor.NewPipe: NewPipe()
androidx.media.MediaBrowserServiceCompat: void onSubscribe(java.lang.String,android.os.Bundle)
org.schabi.newpipe.extractor.search.SearchExtractor$NothingFoundException: SearchExtractor$NothingFoundException(java.lang.String)
com.google.protobuf.WireFormat$FieldType: com.google.protobuf.WireFormat$FieldType[] values()
androidx.appcompat.widget.AppCompatReceiveContentHelper$OnDropApi24Impl: boolean onDropForView(android.view.DragEvent,android.view.View,android.app.Activity)
androidx.appcompat.widget.Toolbar: android.graphics.drawable.Drawable getNavigationIcon()
org.schabi.newpipe.extractor.services.youtube.protos.playlist.PlaylistProtobufContinuation$PlaylistContinuation: org.schabi.newpipe.extractor.services.youtube.protos.playlist.PlaylistProtobufContinuation$PlaylistContinuation parseDelimitedFrom(java.io.InputStream,com.google.protobuf.ExtensionRegistryLite)
org.schabi.newpipe.extractor.localization.ContentCountry: java.util.List listFrom(java.lang.String[])
org.schabi.newpipe.extractor.services.youtube.extractors.YoutubeStreamExtractor: int getDurationFromFirstAdaptiveFormat(java.util.List)