app/build/outputs/mapping/release/usage.txt
com.eclipseapp.pulse.MainActivity$$InternalSyntheticLambda$1$dc3de6c09a0ac44f02d52637a27f7ffe409bdfba5cbd763311801c8bb818f4b6$0:
    public final boolean onNavigationItemSelected()
com.eclipseapp.pulse.YouTubeAudioResolver-IA
...
com.google.android.material.shape.ShapePath$PathQuadOperation
com.google.android.material.shape.ShapePath:
    protected static final float ANGLE_LEFT
    private static final float ANGLE_UP
    public void <init>(float,float)
    public void cubicToPoint(float,float,float,float,float,float)
    public void lineTo(float,float,float,float)
    public void quadToPoint(float,float,float,float)
com.google.android.material.shape.ShapePathModel
com.google.android.material.shape.Shapeable:
    public abstract com.google.android.material.shape.ShapeAppearanceModel getShapeAppearanceModel()
com.google.android.material.shape.ShapeableDelegate
com.google.android.material.shape.ShapeableDelegateV14
com.google.android.material.shape.ShapeableDelegateV22$1
com.google.android.material.shape.ShapeableDelegateV22
com.google.android.material.shape.ShapeableDelegateV33$1
com.google.android.material.shape.ShapeableDelegateV33
com.google.android.material.shape.TriangleEdgeTreatment
com.google.android.material.sidesheet.LeftSheetDelegate:
    int getCoplanarSiblingAdjacentMargin(android.view.ViewGroup$MarginLayoutParams)
    void updateCoplanarSiblingAdjacentMargin(android.view.ViewGroup$MarginLayoutParams,int)
com.google.android.material.sidesheet.RightSheetDelegate:
    int getCoplanarSiblingAdjacentMargin(android.view.ViewGroup$MarginLayoutParams)
    void updateCoplanarSiblingAdjacentMargin(android.view.ViewGroup$MarginLayoutParams,int)
com.google.android.material.sidesheet.Sheet$SheetEdge
com.google.android.material.sidesheet.Sheet$SheetState
com.google.android.material.sidesheet.Sheet$StableSheetState
com.google.android.material.sidesheet.Sheet
com.google.android.material.sidesheet.SheetDelegate:
    abstract int getCoplanarSiblingAdjacentMargin(android.view.ViewGroup$MarginLayoutParams)
    abstract void updateCoplanarSiblingAdjacentMargin(android.view.ViewGroup$MarginLayoutParams,int)
com.google.android.material.sidesheet.SheetDialog$1
com.google.android.material.sidesheet.SheetDialog
com.google.android.material.sidesheet.SheetUtils:
    private void <init>()
com.google.android.material.sidesheet.SideSheetBehavior$2
com.google.android.material.sidesheet.SideSheetBehavior$SavedState:
    public void <init>(android.os.Parcel)
com.google.android.material.sidesheet.SideSheetBehavior:
    private static final float HIDE_FRICTION
    private static final float HIDE_THRESHOLD
    private static final int NO_MAX_SIZE
    static final int SIGNIFICANT_VEL_THRESHOLD
    public synthetic bridge void addCallback(com.google.android.material.sidesheet.SheetCallback)
    public void addCallback(com.google.android.material.sidesheet.SideSheetCallback)
    public void cancelBackProgress()
    public void expand()
    public static com.google.android.material.sidesheet.SideSheetBehavior from(android.view.View)
    com.google.android.material.motion.MaterialSideContainerBackHelper getBackHelper()
    private android.animation.ValueAnimator$AnimatorUpdateListener getCoplanarFinishAnimatorUpdateListener()
    private int getGravityFromSheetEdge()
    public int getLastStableState()
    public int getState()
    float getXVelocity()
    public void handleBackInvoked()
    public void hide()
    public boolean isDraggable()
    private synthetic void lambda$getCoplanarFinishAnimatorUpdateListener$1(android.view.ViewGroup$MarginLayoutParams,int,android.view.View,android.animation.ValueAnimator)
    public synthetic bridge void removeCallback(com.google.android.material.sidesheet.SheetCallback)
    public void removeCallback(com.google.android.material.sidesheet.SideSheetCallback)
    public void setCoplanarSiblingView(android.view.View)
    public void setHideFriction(float)
com.google.android.material.sidesheet.SideSheetCallback:
    public void <init>()
    public abstract void onSlide(android.view.View,float)
    public abstract void onStateChanged(android.view.View,int)
com.google.android.material.sidesheet.SideSheetDialog$1